<?xml version="1.0" encoding="UTF-8"?>
<!-- Generated by org.testng.reporters.JUnitReportReporter -->
<testsuite hostname="DESKTOP-NU2HF77" failures="0" tests="4" name="lesson1.test4" time="0.015" errors="0" timestamp="2025-03-15T13:08:05 IST" skipped="0">
  <testcase classname="lesson1.test4" name="OpenEnrollment10" time="0.002"/>
  <testcase classname="lesson1.test4" name="OpenEnrollment11" time="0.002"/>
  <testcase classname="lesson1.test4" name="OpenEnrollment8" time="0.002"/>
  <testcase classname="lesson1.test4" name="OpenEnrollment9" time="0.009"/>
</testsuite> <!-- lesson1.test4 -->
