<?xml version="1.0" encoding="UTF-8"?>
<!-- Generated by org.testng.reporters.JUnitReportReporter -->
<testsuite hostname="DESKTOP-NU2HF77" failures="0" tests="3" name="lesson1.test6" time="0.005" errors="0" timestamp="2025-03-14T19:00:57 IST" skipped="0">
  <testcase classname="lesson1.test6" name="SpouseLifeEnroll" time="0.002"/>
  <testcase classname="lesson1.test6" name="LifeEmplEnroll" time="0.002"/>
  <testcase classname="lesson1.test6" name="LifeChildEnroll" time="0.001"/>
</testsuite> <!-- lesson1.test6 -->
