<?xml version="1.0" encoding="UTF-8"?>
<!-- Generated by org.testng.reporters.JUnitReportReporter -->
<testsuite hostname="DESKTOP-NU2HF77" failures="0" tests="3" name="lesson1.test5" time="0.013" errors="0" timestamp="2025-03-14T19:13:19 IST" skipped="0">
  <testcase classname="lesson1.test5" name="FSAFamily" time="0.002"/>
  <testcase classname="lesson1.test5" name="HSAContribution" time="0.002"/>
  <testcase classname="lesson1.test5" name="FSAChild" time="0.009"/>
</testsuite> <!-- lesson1.test5 -->
