<?xml version="1.0" encoding="UTF-8"?>
<!-- Generated by org.testng.reporters.JUnitReportReporter -->
<testsuite hostname="DESKTOP-NU2HF77" failures="0" tests="1" name="lesson1.child" time="0.025" errors="0" timestamp="2025-03-16T11:07:45 IST" skipped="0">
  <testcase classname="lesson1.child" name="calculations" time="0.025"/>
</testsuite> <!-- lesson1.child -->
