<?xml version="1.0" encoding="UTF-8"?>
<!-- Generated by org.testng.reporters.JUnitReportReporter -->
<testsuite hostname="DESKTOP-NU2HF77" failures="0" tests="3" name="lesson1.test3" time="0.004" errors="0" timestamp="2025-03-15T13:08:05 IST" skipped="1">
  <testcase classname="lesson1.test3" name="OpenEnrollment7" time="0.002"/>
  <testcase classname="lesson1.test3" name="OpenEnrollment6" time="0.002"/>
  <testcase classname="lesson1.test3" name="OpenEnrollment5">
    <skipped/>
  </testcase> <!-- OpenEnrollment5 -->
</testsuite> <!-- lesson1.test3 -->
